<?xml version="1.0" encoding="UTF-8"?>
<testng-results ignored="0" total="1" passed="1" failed="0" skipped="0">
  <reporter-output>
  </reporter-output>
  <suite started-at="2021-10-18T22:21:42 IST" name="Suite" finished-at="2021-10-18T22:22:05 IST" duration-ms="23268">
    <groups>
    </groups>
    <test started-at="2021-10-18T22:21:42 IST" name="firefoxbrowser" finished-at="2021-10-18T22:22:05 IST" duration-ms="23268">
      <class name="test_package.login_testng">
        <test-method is-config="true" signature="beforeTest(java.lang.String)[pri:0, instance:test_package.login_testng@4fb3ee4e]" started-at="2021-10-18T22:21:42 IST" name="beforeTest" finished-at="2021-10-18T22:21:57 IST" duration-ms="15530" status="PASS">
          <params>
            <param index="0">
              <value>
                <![CDATA[firefox]]>
              </value>
            </param>
          </params>
          <reporter-output>
          </reporter-output>
        </test-method> <!-- beforeTest -->
        <test-method is-config="true" signature="beroreclass()[pri:0, instance:test_package.login_testng@4fb3ee4e]" started-at="2021-10-18T22:21:57 IST" name="beroreclass" finished-at="2021-10-18T22:21:57 IST" duration-ms="51" status="PASS">
          <reporter-output>
          </reporter-output>
        </test-method> <!-- beroreclass -->
        <test-method signature="logintest()[pri:0, instance:test_package.login_testng@4fb3ee4e]" started-at="2021-10-18T22:21:57 IST" name="logintest" finished-at="2021-10-18T22:22:05 IST" duration-ms="7592" status="PASS">
          <reporter-output>
          </reporter-output>
        </test-method> <!-- logintest -->
      </class> <!-- test_package.login_testng -->
    </test> <!-- firefoxbrowser -->
  </suite> <!-- Suite -->
</testng-results>
