<?xml version="1.0" encoding="UTF-8"?>
<!-- Generated by org.testng.reporters.JUnitXMLReporter -->
<testsuite ignored="0" hostname="WorkSmart-PC" failures="0" tests="4" name="Test" time="43.02" errors="0" timestamp="2021-10-15T12:16:48 IST">
  <testcase classname="test_package.Login_testNG" name="logintest" time="1.567"/>
  <testcase classname="test_package.Login_testNG" name="pinclick" time="0.298"/>
  <testcase classname="test_package.Login_testNG" name="ordertab" time="6.323"/>
  <testcase classname="test_package.Home_testNG" name="ordertab" time="1.787"/>
</testsuite> <!-- Test -->
