<?xml version="1.0" encoding="UTF-8"?>
<testng-results ignored="0" total="4" passed="3" failed="1" skipped="0">
  <reporter-output>
  </reporter-output>
  <suite started-at="2021-10-23T15:39:11 IST" name="SuiteBSNL" finished-at="2021-10-23T15:41:49 IST" duration-ms="158019">
    <groups>
    </groups>
    <test started-at="2021-10-23T15:39:11 IST" name="chromeTest" finished-at="2021-10-23T15:40:00 IST" duration-ms="48983">
      <class name="test_package.Login_testng">
        <test-method is-config="true" signature="beforeTest(java.lang.String)[pri:0, instance:test_package.Login_testng@58d75e99]" started-at="2021-10-23T15:39:20 IST" name="beforeTest" finished-at="2021-10-23T15:39:25 IST" duration-ms="5744" status="PASS">
          <params>
            <param index="0">
              <value>
                <![CDATA[chrome]]>
              </value>
            </param>
          </params>
          <reporter-output>
          </reporter-output>
        </test-method> <!-- beforeTest -->
        <test-method is-config="true" signature="beforeclass()[pri:0, instance:test_package.Login_testng@58d75e99]" started-at="2021-10-23T15:39:25 IST" name="beforeclass" finished-at="2021-10-23T15:39:25 IST" duration-ms="1" status="PASS">
          <reporter-output>
          </reporter-output>
        </test-method> <!-- beforeclass -->
        <test-method signature="logintes()[pri:0, instance:test_package.Login_testng@58d75e99]" started-at="2021-10-23T15:39:25 IST" name="logintes" finished-at="2021-10-23T15:39:26 IST" duration-ms="540" status="PASS">
          <reporter-output>
          </reporter-output>
        </test-method> <!-- logintes -->
        <test-method is-config="true" signature="afterclass()[pri:0, instance:test_package.Login_testng@58d75e99]" started-at="2021-10-23T15:39:26 IST" name="afterclass" finished-at="2021-10-23T15:39:26 IST" duration-ms="1" status="PASS">
          <reporter-output>
          </reporter-output>
        </test-method> <!-- afterclass -->
      </class> <!-- test_package.Login_testng -->
      <class name="test_package.Home_testng">
        <test-method is-config="true" signature="beforeTest(java.lang.String)[pri:0, instance:test_package.Home_testng@e15b7e8]" started-at="2021-10-23T15:39:11 IST" name="beforeTest" finished-at="2021-10-23T15:39:20 IST" duration-ms="8318" status="PASS">
          <params>
            <param index="0">
              <value>
                <![CDATA[chrome]]>
              </value>
            </param>
          </params>
          <reporter-output>
          </reporter-output>
        </test-method> <!-- beforeTest -->
        <test-method is-config="true" signature="logintest()[pri:0, instance:test_package.Home_testng@e15b7e8]" started-at="2021-10-23T15:39:26 IST" name="logintest" finished-at="2021-10-23T15:39:26 IST" duration-ms="457" status="PASS">
          <reporter-output>
          </reporter-output>
        </test-method> <!-- logintest -->
        <test-method signature="racharge()[pri:0, instance:test_package.Home_testng@e15b7e8]" started-at="2021-10-23T15:39:26 IST" name="racharge" finished-at="2021-10-23T15:40:00 IST" duration-ms="33846" status="FAIL">
          <exception class="org.openqa.selenium.TimeoutException">
            <message>
              <![CDATA[Expected condition failed: waiting for visibility of element located by By.xpath: //a[text()='GSM Prepaid '] (tried for 30 second(s) with 500 milliseconds interval)
Build info: version: '3.141.59', revision: 'e82be7d358', time: '2018-11-14T08:17:03'
System info: host: 'WORKSMART-PC', ip: '192.168.1.3', os.name: 'Windows 7', os.arch: 'amd64', os.version: '6.1', java.version: '16.0.1'
Driver info: org.openqa.selenium.chrome.ChromeDriver
Capabilities {acceptInsecureCerts: false, browserName: chrome, browserVersion: 94.0.4606.81, chrome: {chromedriverVersion: 94.0.4606.61 (418b78f5838ed..., userDataDir: C:\Users\WORKSM~1\AppData\L...}, goog:chromeOptions: {debuggerAddress: localhost:53335}, javascriptEnabled: true, networkConnectionEnabled: false, pageLoadStrategy: normal, platform: WINDOWS, platformName: WINDOWS, proxy: Proxy(), setWindowRect: true, strictFileInteractability: false, timeouts: {implicit: 0, pageLoad: 300000, script: 30000}, unhandledPromptBehavior: dismiss and notify, webauthn:extension:credBlob: true, webauthn:extension:largeBlob: true, webauthn:virtualAuthenticators: true}
Session ID: d808318a4d7723300c4406b3967e90b9]]>
            </message>
            <full-stacktrace>
              <![CDATA[org.openqa.selenium.TimeoutException: Expected condition failed: waiting for visibility of element located by By.xpath: //a[text()='GSM Prepaid '] (tried for 30 second(s) with 500 milliseconds interval)
Build info: version: '3.141.59', revision: 'e82be7d358', time: '2018-11-14T08:17:03'
System info: host: 'WORKSMART-PC', ip: '192.168.1.3', os.name: 'Windows 7', os.arch: 'amd64', os.version: '6.1', java.version: '16.0.1'
Driver info: org.openqa.selenium.chrome.ChromeDriver
Capabilities {acceptInsecureCerts: false, browserName: chrome, browserVersion: 94.0.4606.81, chrome: {chromedriverVersion: 94.0.4606.61 (418b78f5838ed..., userDataDir: C:\Users\WORKSM~1\AppData\L...}, goog:chromeOptions: {debuggerAddress: localhost:53335}, javascriptEnabled: true, networkConnectionEnabled: false, pageLoadStrategy: normal, platform: WINDOWS, platformName: WINDOWS, proxy: Proxy(), setWindowRect: true, strictFileInteractability: false, timeouts: {implicit: 0, pageLoad: 300000, script: 30000}, unhandledPromptBehavior: dismiss and notify, webauthn:extension:credBlob: true, webauthn:extension:largeBlob: true, webauthn:virtualAuthenticators: true}
Session ID: d808318a4d7723300c4406b3967e90b9
at org.openqa.selenium.support.ui.WebDriverWait.timeoutException(WebDriverWait.java:95)
at org.openqa.selenium.support.ui.FluentWait.until(FluentWait.java:272)
at pom_package.Home_page.clickonrecharge(Home_page.java:36)
at test_package.Home_testng.racharge(Home_testng.java:51)
at java.base/jdk.internal.reflect.NativeMethodAccessorImpl.invoke0(Native Method)
at java.base/jdk.internal.reflect.NativeMethodAccessorImpl.invoke(NativeMethodAccessorImpl.java:78)
at java.base/jdk.internal.reflect.DelegatingMethodAccessorImpl.invoke(DelegatingMethodAccessorImpl.java:43)
at java.base/java.lang.reflect.Method.invoke(Method.java:567)
at org.testng.internal.MethodInvocationHelper.invokeMethod(MethodInvocationHelper.java:133)
at org.testng.internal.TestInvoker.invokeMethod(TestInvoker.java:598)
at org.testng.internal.TestInvoker.invokeTestMethod(TestInvoker.java:173)
at org.testng.internal.MethodRunner.runInSequence(MethodRunner.java:46)
at org.testng.internal.TestInvoker$MethodInvocationAgent.invoke(TestInvoker.java:824)
at org.testng.internal.TestInvoker.invokeTestMethods(TestInvoker.java:146)
at org.testng.internal.TestMethodWorker.invokeTestMethods(TestMethodWorker.java:146)
at org.testng.internal.TestMethodWorker.run(TestMethodWorker.java:128)
at java.base/java.util.ArrayList.forEach(ArrayList.java:1511)
at org.testng.TestRunner.privateRun(TestRunner.java:794)
at org.testng.TestRunner.run(TestRunner.java:596)
at org.testng.SuiteRunner.runTest(SuiteRunner.java:377)
at org.testng.SuiteRunner.runSequentially(SuiteRunner.java:371)
at org.testng.SuiteRunner.privateRun(SuiteRunner.java:332)
at org.testng.SuiteRunner.run(SuiteRunner.java:276)
at org.testng.SuiteRunnerWorker.runSuite(SuiteRunnerWorker.java:53)
at org.testng.SuiteRunnerWorker.run(SuiteRunnerWorker.java:96)
at org.testng.TestNG.runSuitesSequentially(TestNG.java:1212)
at org.testng.TestNG.runSuitesLocally(TestNG.java:1134)
at org.testng.TestNG.runSuites(TestNG.java:1063)
at org.testng.TestNG.run(TestNG.java:1031)
at org.testng.remote.AbstractRemoteTestNG.run(AbstractRemoteTestNG.java:115)
at org.testng.remote.RemoteTestNG.initAndRun(RemoteTestNG.java:251)
at org.testng.remote.RemoteTestNG.main(RemoteTestNG.java:77)
]]>
            </full-stacktrace>
          </exception> <!-- org.openqa.selenium.TimeoutException -->
          <reporter-output>
          </reporter-output>
        </test-method> <!-- racharge -->
      </class> <!-- test_package.Home_testng -->
    </test> <!-- chromeTest -->
    <test started-at="2021-10-23T15:40:00 IST" name="firefoxTest" finished-at="2021-10-23T15:41:49 IST" duration-ms="108962">
      <class name="test_package.Login_testng">
        <test-method is-config="true" signature="beforeTest(java.lang.String)[pri:0, instance:test_package.Login_testng@2d710f1a]" started-at="2021-10-23T15:40:33 IST" name="beforeTest" finished-at="2021-10-23T15:40:59 IST" duration-ms="26257" status="PASS">
          <params>
            <param index="0">
              <value>
                <![CDATA[firefox]]>
              </value>
            </param>
          </params>
          <reporter-output>
          </reporter-output>
        </test-method> <!-- beforeTest -->
        <test-method is-config="true" signature="beforeclass()[pri:0, instance:test_package.Login_testng@2d710f1a]" started-at="2021-10-23T15:40:59 IST" name="beforeclass" finished-at="2021-10-23T15:40:59 IST" duration-ms="1" status="PASS">
          <reporter-output>
          </reporter-output>
        </test-method> <!-- beforeclass -->
        <test-method signature="logintes()[pri:0, instance:test_package.Login_testng@2d710f1a]" started-at="2021-10-23T15:40:59 IST" name="logintes" finished-at="2021-10-23T15:41:07 IST" duration-ms="7654" status="PASS">
          <reporter-output>
          </reporter-output>
        </test-method> <!-- logintes -->
        <test-method is-config="true" signature="afterclass()[pri:0, instance:test_package.Login_testng@2d710f1a]" started-at="2021-10-23T15:41:07 IST" name="afterclass" finished-at="2021-10-23T15:41:07 IST" duration-ms="4" status="PASS">
          <reporter-output>
          </reporter-output>
        </test-method> <!-- afterclass -->
      </class> <!-- test_package.Login_testng -->
      <class name="test_package.Home_testng">
        <test-method is-config="true" signature="beforeTest(java.lang.String)[pri:0, instance:test_package.Home_testng@29215f06]" started-at="2021-10-23T15:40:00 IST" name="beforeTest" finished-at="2021-10-23T15:40:33 IST" duration-ms="32292" status="PASS">
          <params>
            <param index="0">
              <value>
                <![CDATA[firefox]]>
              </value>
            </param>
          </params>
          <reporter-output>
          </reporter-output>
        </test-method> <!-- beforeTest -->
        <test-method is-config="true" signature="logintest()[pri:0, instance:test_package.Home_testng@29215f06]" started-at="2021-10-23T15:41:07 IST" name="logintest" finished-at="2021-10-23T15:41:08 IST" duration-ms="999" status="PASS">
          <reporter-output>
          </reporter-output>
        </test-method> <!-- logintest -->
        <test-method signature="racharge()[pri:0, instance:test_package.Home_testng@29215f06]" started-at="2021-10-23T15:41:08 IST" name="racharge" finished-at="2021-10-23T15:41:49 IST" duration-ms="41747" status="PASS">
          <reporter-output>
          </reporter-output>
        </test-method> <!-- racharge -->
      </class> <!-- test_package.Home_testng -->
    </test> <!-- firefoxTest -->
  </suite> <!-- SuiteBSNL -->
</testng-results>
